<?xml version="1.0" encoding="UTF-8"?>
<!-- Generated by org.testng.reporters.JUnitReportReporter -->
<testsuite hostname="FWS-CHE-LT-5580.local" failures="0" tests="2" name="lwsdk.android.module.testcases.SampleTestCaseAndroid2" time="27.427" errors="0" timestamp="2023-10-18T14:15:08 IST" skipped="0">
  <testcase classname="lwsdk.android.module.testcases.SampleTestCaseAndroid2" name="testAndroidMethod" time="12.394"/>
  <testcase classname="lwsdk.android.module.testcases.SampleTestCaseAndroid2" name="testAndroidMethod2" time="15.033"/>
</testsuite> <!-- lwsdk.android.module.testcases.SampleTestCaseAndroid2 -->
