<?xml version="1.0" encoding="UTF-8"?>
<!-- Generated by org.testng.reporters.JUnitReportReporter -->
<testsuite hostname="FWS-CHE-LT-5580.local" failures="0" tests="1" name="lwsdk.ios.module.testcases.SampleTestCase" time="0.006" errors="0" timestamp="2023-10-03T19:11:10 IST" skipped="0">
  <testcase classname="lwsdk.ios.module.testcases.SampleTestCase" name="test1" time="0.006"/>
</testsuite> <!-- lwsdk.ios.module.testcases.SampleTestCase -->
