<?xml version="1.0" encoding="UTF-8"?>
<!-- Generated by org.testng.reporters.JUnitReportReporter -->
<testsuite hostname="FWS-CHE-LT-5580.local" failures="0" tests="1" name="lwsdk.android.module.testcases.SampleTestCaseAndroid" time="0.007" errors="0" timestamp="2023-10-03T19:24:28 IST" skipped="0">
  <testcase classname="lwsdk.android.module.testcases.SampleTestCaseAndroid" name="test1" time="0.007"/>
</testsuite> <!-- lwsdk.android.module.testcases.SampleTestCaseAndroid -->
