<?xml version="1.0" encoding="UTF-8"?>
<!-- Generated by org.testng.reporters.JUnitReportReporter -->
<testsuite hostname="FWS-CHE-LT-5580.local" failures="0" tests="1" name="lwsdk.android.module.testcases.SampleTestCaseAndroid" time="51.199" errors="0" timestamp="2023-10-10T22:28:21 IST" skipped="0">
  <testcase classname="lwsdk.android.module.testcases.SampleTestCaseAndroid" name="test1" time="51.199"/>
</testsuite> <!-- lwsdk.android.module.testcases.SampleTestCaseAndroid -->
